<?xml version="1.0" encoding="UTF-8"?>
<!-- Generated by org.testng.reporters.JUnitReportReporter -->
<testsuite hostname="hp" failures="0" tests="3" name="test.BeerTest" time="3.093" errors="0" timestamp="2023-05-13T19:11:51 IST" skipped="0">
  <testcase classname="test.BeerTest" name="BeerSearchTest" time="2.026"/>
  <system-out/>
  <testcase classname="test.BeerTest" name="ApplyTest" time="1.018"/>
  <system-out/>
  <testcase classname="test.BeerTest" name="MainSearch" time="0.049"/>
  <system-out/>
</testsuite> <!-- test.BeerTest -->
