<?xml version="1.0" encoding="UTF-8"?>
<!-- Generated by org.testng.reporters.JUnitReportReporter -->
<testsuite hostname="hp" failures="0" tests="3" name="test.SpiritTest" time="3.708" errors="0" timestamp="2023-05-13T19:11:51 IST" skipped="0">
  <testcase classname="test.SpiritTest" name="selectProduct" time="1.455"/>
  <system-out/>
  <testcase classname="test.SpiritTest" name="SortByHighPrice" time="1.227"/>
  <system-out/>
  <testcase classname="test.SpiritTest" name="SortByAlphabates" time="1.026"/>
  <system-out/>
</testsuite> <!-- test.SpiritTest -->
