<?xml version="1.0" encoding="UTF-8"?>
<!-- Generated by org.testng.reporters.JUnitReportReporter -->
<testsuite hostname="hp" failures="0" tests="1" name="testngdiscussion.AssertionInTestNG" time="27.483" errors="0" timestamp="2023-04-19T11:31:52 IST" skipped="0">
  <testcase classname="testngdiscussion.AssertionInTestNG" name="login" time="27.483"/>
  <system-out/>
</testsuite> <!-- testngdiscussion.AssertionInTestNG -->
