<?xml version="1.0" encoding="UTF-8"?>
<!-- Generated by org.testng.reporters.JUnitReportReporter -->
<testsuite hostname="hp" failures="0" tests="3" name="test.AddToCartTest" time="3.973" errors="0" timestamp="2023-05-09T18:10:14 IST" skipped="0">
  <testcase classname="test.AddToCartTest" name="SelectItem" time="3.806"/>
  <system-out/>
  <testcase classname="test.AddToCartTest" name="VerifyAddtoCart" time="0.072"/>
  <system-out/>
  <testcase classname="test.AddToCartTest" name="SearchOnCartPage" time="0.095"/>
  <system-out/>
</testsuite> <!-- test.AddToCartTest -->
