<?xml version="1.0" encoding="UTF-8"?>
<!-- Generated by org.testng.reporters.JUnitReportReporter -->
<testsuite hostname="hp" failures="0" tests="1" name="waits.SelectBoxByFluentWait" time="18.547" errors="0" timestamp="2023-05-02T11:18:42 IST" skipped="0">
  <testcase classname="waits.SelectBoxByFluentWait" name="SelectBoxTest" time="18.547"/>
  <system-out/>
</testsuite> <!-- waits.SelectBoxByFluentWait -->
