<?xml version="1.0" encoding="UTF-8"?>
<!-- Generated by org.testng.reporters.JUnitReportReporter -->
<testsuite hostname="hp" failures="0" tests="1" name="waits.ExplicitWait" time="25.915" errors="0" timestamp="2023-04-29T23:12:49 IST" skipped="0">
  <testcase classname="waits.ExplicitWait" name="ExplicitTest" time="25.915"/>
  <system-out/>
</testsuite> <!-- waits.ExplicitWait -->
