<?xml version="1.0" encoding="UTF-8"?>
<!-- Generated by org.testng.reporters.JUnitReportReporter -->
<testsuite hostname="hp" failures="0" tests="1" name="webtable.WebTableHandling" time="22.709" errors="0" timestamp="2023-05-16T23:06:24 IST" skipped="0">
  <testcase classname="webtable.WebTableHandling" name="getvallues" time="22.709"/>
  <system-out/>
</testsuite> <!-- webtable.WebTableHandling -->
