<?xml version="1.0" encoding="UTF-8"?>
<!-- Generated by org.testng.reporters.JUnitReportReporter -->
<testsuite hostname="hp" failures="0" tests="50" name="testngdiscussion.DPTest" time="0.086" errors="0" timestamp="2023-05-19T17:36:09 IST" skipped="0">
  <testcase classname="testngdiscussion.DPTest" name="testcase" time="0.001"/>
  <system-out/>
  <testcase classname="testngdiscussion.DPTest" name="testcase" time="0.002"/>
  <system-out/>
  <testcase classname="testngdiscussion.DPTest" name="testcase" time="0.001"/>
  <system-out/>
  <testcase classname="testngdiscussion.DPTest" name="testcase" time="0.001"/>
  <system-out/>
  <testcase classname="testngdiscussion.DPTest" name="testcase" time="0.002"/>
  <system-out/>
  <testcase classname="testngdiscussion.DPTest" name="testcase" time="0.002"/>
  <system-out/>
  <testcase classname="testngdiscussion.DPTest" name="testcase" time="0.001"/>
  <system-out/>
  <testcase classname="testngdiscussion.DPTest" name="testcase" time="0.001"/>
  <system-out/>
  <testcase classname="testngdiscussion.DPTest" name="testcase" time="0.001"/>
  <system-out/>
  <testcase classname="testngdiscussion.DPTest" name="testcase" time="0.002"/>
  <system-out/>
  <testcase classname="testngdiscussion.DPTest" name="testcase" time="0.003"/>
  <system-out/>
  <testcase classname="testngdiscussion.DPTest" name="testcase" time="0.006"/>
  <system-out/>
  <testcase classname="testngdiscussion.DPTest" name="testcase" time="0.001"/>
  <system-out/>
  <testcase classname="testngdiscussion.DPTest" name="testcase" time="0.001"/>
  <system-out/>
  <testcase classname="testngdiscussion.DPTest" name="testcase" time="0.000"/>
  <system-out/>
  <testcase classname="testngdiscussion.DPTest" name="testcase" time="0.001"/>
  <system-out/>
  <testcase classname="testngdiscussion.DPTest" name="testcase" time="0.002"/>
  <system-out/>
  <testcase classname="testngdiscussion.DPTest" name="testcase" time="0.005"/>
  <system-out/>
  <testcase classname="testngdiscussion.DPTest" name="testcase" time="0.006"/>
  <system-out/>
  <testcase classname="testngdiscussion.DPTest" name="testcase" time="0.003"/>
  <system-out/>
  <testcase classname="testngdiscussion.DPTest" name="testcase" time="0.001"/>
  <system-out/>
  <testcase classname="testngdiscussion.DPTest" name="testcase" time="0.000"/>
  <system-out/>
  <testcase classname="testngdiscussion.DPTest" name="testcase" time="0.002"/>
  <system-out/>
  <testcase classname="testngdiscussion.DPTest" name="testcase" time="0.002"/>
  <system-out/>
  <testcase classname="testngdiscussion.DPTest" name="testcase" time="0.002"/>
  <system-out/>
  <testcase classname="testngdiscussion.DPTest" name="testcase" time="0.003"/>
  <system-out/>
  <testcase classname="testngdiscussion.DPTest" name="testcase" time="0.001"/>
  <system-out/>
  <testcase classname="testngdiscussion.DPTest" name="testcase" time="0.001"/>
  <system-out/>
  <testcase classname="testngdiscussion.DPTest" name="testcase" time="0.001"/>
  <system-out/>
  <testcase classname="testngdiscussion.DPTest" name="testcase" time="0.002"/>
  <system-out/>
  <testcase classname="testngdiscussion.DPTest" name="testcase" time="0.001"/>
  <system-out/>
  <testcase classname="testngdiscussion.DPTest" name="testcase" time="0.002"/>
  <system-out/>
  <testcase classname="testngdiscussion.DPTest" name="testcase" time="0.001"/>
  <system-out/>
  <testcase classname="testngdiscussion.DPTest" name="testcase" time="0.006"/>
  <system-out/>
  <testcase classname="testngdiscussion.DPTest" name="testcase" time="0.001"/>
  <system-out/>
  <testcase classname="testngdiscussion.DPTest" name="testcase" time="0.001"/>
  <system-out/>
  <testcase classname="testngdiscussion.DPTest" name="testcase" time="0.007"/>
  <system-out/>
  <testcase classname="testngdiscussion.DPTest" name="testcase" time="0.001"/>
  <system-out/>
  <testcase classname="testngdiscussion.DPTest" name="testcase" time="0.001"/>
  <system-out/>
  <testcase classname="testngdiscussion.DPTest" name="testcase" time="0.001"/>
  <system-out/>
  <testcase classname="testngdiscussion.DPTest" name="testcase" time="0.001"/>
  <system-out/>
  <testcase classname="testngdiscussion.DPTest" name="testcase" time="0.001"/>
  <system-out/>
  <testcase classname="testngdiscussion.DPTest" name="testcase" time="0.001"/>
  <system-out/>
  <testcase classname="testngdiscussion.DPTest" name="testcase" time="0.001"/>
  <system-out/>
  <testcase classname="testngdiscussion.DPTest" name="testcase" time="0.000"/>
  <system-out/>
  <testcase classname="testngdiscussion.DPTest" name="testcase" time="0.001"/>
  <system-out/>
  <testcase classname="testngdiscussion.DPTest" name="testcase" time="0.001"/>
  <system-out/>
  <testcase classname="testngdiscussion.DPTest" name="testcase" time="0.000"/>
  <system-out/>
  <testcase classname="testngdiscussion.DPTest" name="testcase" time="0.000"/>
  <system-out/>
  <testcase classname="testngdiscussion.DPTest" name="testcase" time="0.001"/>
  <system-out/>
</testsuite> <!-- testngdiscussion.DPTest -->
