<?xml version="1.0" encoding="UTF-8"?>
<!-- Generated by org.testng.reporters.JUnitReportReporter -->
<testsuite hostname="hp" failures="0" tests="2" name="testngdiscussion.ParallelTestClass1" time="11.820" errors="0" timestamp="2023-04-27T17:28:18 IST" skipped="0">
  <testcase classname="testngdiscussion.ParallelTestClass1" name="testcase1" time="7.682"/>
  <system-out/>
  <testcase classname="testngdiscussion.ParallelTestClass1" name="testcase2" time="4.138"/>
  <system-out/>
</testsuite> <!-- testngdiscussion.ParallelTestClass1 -->
