<?xml version="1.0" encoding="UTF-8"?>
<!-- Generated by org.testng.reporters.JUnitReportReporter -->
<testsuite hostname="hp" failures="0" tests="2" name="testngdiscussion.InclusionAndExclusion" time="0.012" errors="0" timestamp="2023-05-15T22:53:10 IST" skipped="0">
  <testcase classname="testngdiscussion.InclusionAndExclusion" name="getDetails" time="0.010"/>
  <system-out/>
  <testcase classname="testngdiscussion.InclusionAndExclusion" name="Logout" time="0.002"/>
  <system-out/>
</testsuite> <!-- testngdiscussion.InclusionAndExclusion -->
