<?xml version="1.0" encoding="UTF-8"?>
<!-- Generated by org.testng.reporters.JUnitReportReporter -->
<testsuite hostname="hp" failures="0" tests="6" name="testngdiscussion.TestClass" time="0.016" errors="0" timestamp="2023-04-26T15:53:15 IST" skipped="0">
  <testcase classname="testngdiscussion.TestClass" name="getDetails" time="0.008"/>
  <system-out/>
  <testcase classname="testngdiscussion.TestClass" name="SetDetails" time="0.002"/>
  <system-out/>
  <testcase classname="testngdiscussion.TestClass" name="login" time="0.002"/>
  <system-out/>
  <testcase classname="testngdiscussion.TestClass" name="Home" time="0.001"/>
  <system-out/>
  <testcase classname="testngdiscussion.TestClass" name="profile" time="0.002"/>
  <system-out/>
  <testcase classname="testngdiscussion.TestClass" name="Logout" time="0.001"/>
  <system-out/>
</testsuite> <!-- testngdiscussion.TestClass -->
