<?xml version="1.0" encoding="UTF-8"?>
<!-- Generated by org.testng.reporters.JUnitReportReporter -->
<testsuite hostname="hp" failures="0" tests="1" name="testngdiscussion.TestTagParallel2" time="7.143" errors="0" timestamp="2023-04-28T09:37:42 IST" skipped="0">
  <testcase classname="testngdiscussion.TestTagParallel2" name="google" time="7.143"/>
  <system-out/>
</testsuite> <!-- testngdiscussion.TestTagParallel2 -->
