<?xml version="1.0" encoding="UTF-8"?>
<!-- Generated by org.testng.reporters.JUnitReportReporter -->
<testsuite hostname="hp" failures="0" tests="3" name="testngdiscussion.ParallalTestCaseExecution" time="0.033" errors="0" timestamp="2023-05-15T23:30:30 IST" skipped="0">
  <testcase classname="testngdiscussion.ParallalTestCaseExecution" name="testcase2" time="0.011"/>
  <system-out/>
  <testcase classname="testngdiscussion.ParallalTestCaseExecution" name="testcase1" time="0.013"/>
  <system-out/>
  <testcase classname="testngdiscussion.ParallalTestCaseExecution" name="testcase3" time="0.009"/>
  <system-out/>
</testsuite> <!-- testngdiscussion.ParallalTestCaseExecution -->
