<?xml version="1.0" encoding="UTF-8"?>
<!-- Generated by org.testng.reporters.JUnitReportReporter -->
<testsuite hostname="hp" failures="0" tests="1" name="testngdiscussion.VallidateTextWrittenIntoField" time="8.002" errors="0" timestamp="2023-05-06T01:07:13 IST" skipped="0">
  <testcase classname="testngdiscussion.VallidateTextWrittenIntoField" name="GetTextFromField" time="8.002"/>
  <system-out/>
</testsuite> <!-- testngdiscussion.VallidateTextWrittenIntoField -->
