<?xml version="1.0" encoding="UTF-8"?>
<!-- Generated by org.testng.reporters.JUnitReportReporter -->
<testsuite hostname="hp" failures="0" tests="2" name="testngdiscussion.Annotations2" time="0.007" errors="0" timestamp="2023-04-23T18:30:32 IST" skipped="0">
  <testcase classname="testngdiscussion.Annotations2" name="testcase3" time="0.003"/>
  <system-out/>
  <testcase classname="testngdiscussion.Annotations2" name="testcase3" time="0.004"/>
  <system-out/>
</testsuite> <!-- testngdiscussion.Annotations2 -->
