<?xml version="1.0" encoding="UTF-8"?>
<!-- Generated by org.testng.reporters.JUnitReportReporter -->
<testsuite hostname="hp" failures="0" tests="1" name="webtable.AssOfWebTable" time="179.732" errors="0" timestamp="2023-05-16T23:10:45 IST" skipped="0">
  <testcase classname="webtable.AssOfWebTable" name="Getallvalues" time="179.732"/>
  <system-out/>
</testsuite> <!-- webtable.AssOfWebTable -->
