<?xml version="1.0" encoding="UTF-8"?>
<!-- Generated by org.testng.reporters.JUnitReportReporter -->
<testsuite hostname="hp" failures="0" tests="1" name="testngdiscussion.ParalleTestClass2" time="10.707" errors="0" timestamp="2023-04-27T17:28:48 IST" skipped="0">
  <testcase classname="testngdiscussion.ParalleTestClass2" name="testcase3" time="10.707"/>
  <system-out/>
</testsuite> <!-- testngdiscussion.ParalleTestClass2 -->
