<?xml version="1.0" encoding="UTF-8"?>
<!-- Generated by org.testng.reporters.JUnitReportReporter -->
<testsuite hostname="hp" failures="0" tests="1" name="waits.FluentWaitDisc" time="82.111" errors="0" timestamp="2023-06-26T23:47:20 IST" skipped="0">
  <testcase classname="waits.FluentWaitDisc" name="fluentWaitTest" time="82.111"/>
  <system-out/>
</testsuite> <!-- waits.FluentWaitDisc -->
