<?xml version="1.0" encoding="UTF-8"?>
<!-- Generated by org.testng.reporters.JUnitReportReporter -->
<testsuite hostname="hp" failures="0" tests="3" name="test.SearchTest" time="4.338" errors="0" timestamp="2023-06-20T22:30:48 IST" skipped="0">
  <testcase classname="test.SearchTest" name="verifyTitle" time="0.319"/>
  <system-out/>
  <testcase classname="test.SearchTest" name="searchProducts" time="1.532"/>
  <system-out/>
  <testcase classname="test.SearchTest" name="valiidateSearchResults" time="2.487"/>
  <system-out/>
</testsuite> <!-- test.SearchTest -->
